{"C:\\Users\\x262886\\Documents\\GitHub\\tip-tids-service-admin-feature-api\\models\\Event.js": {"path":"C:\\Users\\x262886\\Documents\\GitHub\\tip-tids-service-admin-feature-api\\models\\Event.js","statementMap":{"0":{"start":{"line":1,"column":17},"end":{"line":1,"column":36}},"1":{"start":{"line":5,"column":0},"end":{"line":76,"column":1}},"2":{"start":{"line":6,"column":4},"end":{"line":6,"column":36}},"3":{"start":{"line":8,"column":23},"end":{"line":8,"column":31}},"4":{"start":{"line":9,"column":24},"end":{"line":64,"column":6}},"5":{"start":{"line":67,"column":4},"end":{"line":73,"column":7}},"6":{"start":{"line":69,"column":12},"end":{"line":69,"column":27}},"7":{"start":{"line":70,"column":12},"end":{"line":70,"column":27}},"8":{"start":{"line":71,"column":12},"end":{"line":71,"column":23}},"9":{"start":{"line":75,"column":4},"end":{"line":75,"column":49}},"10":{"start":{"line":78,"column":0},"end":{"line":78,"column":23}}},"fnMap":{"0":{"name":"(anonymous_0)","decl":{"start":{"line":68,"column":19},"end":{"line":68,"column":20}},"loc":{"start":{"line":68,"column":42},"end":{"line":72,"column":9}},"line":68}},"branchMap":{},"s":{"0":1,"1":1,"2":1,"3":1,"4":1,"5":1,"6":0,"7":0,"8":0,"9":1,"10":1},"f":{"0":0},"b":{},"_coverageSchema":"1a1c01bbd47fc00a2c39e90264f33305004495a9","hash":"6faecf6cd8d4479e09ca3be450b5c7d2c7bd37f0"}
,"C:\\Users\\x262886\\Documents\\GitHub\\tip-tids-service-admin-feature-api\\models\\TaskReminder.js": {"path":"C:\\Users\\x262886\\Documents\\GitHub\\tip-tids-service-admin-feature-api\\models\\TaskReminder.js","statementMap":{"0":{"start":{"line":1,"column":17},"end":{"line":1,"column":36}},"1":{"start":{"line":5,"column":0},"end":{"line":55,"column":1}},"2":{"start":{"line":6,"column":4},"end":{"line":6,"column":51}},"3":{"start":{"line":8,"column":23},"end":{"line":8,"column":31}},"4":{"start":{"line":9,"column":31},"end":{"line":43,"column":6}},"5":{"start":{"line":46,"column":4},"end":{"line":52,"column":7}},"6":{"start":{"line":48,"column":12},"end":{"line":48,"column":27}},"7":{"start":{"line":49,"column":12},"end":{"line":49,"column":27}},"8":{"start":{"line":50,"column":12},"end":{"line":50,"column":23}},"9":{"start":{"line":54,"column":4},"end":{"line":54,"column":71}},"10":{"start":{"line":57,"column":0},"end":{"line":57,"column":30}}},"fnMap":{"0":{"name":"(anonymous_0)","decl":{"start":{"line":47,"column":19},"end":{"line":47,"column":20}},"loc":{"start":{"line":47,"column":42},"end":{"line":51,"column":9}},"line":47}},"branchMap":{},"s":{"0":1,"1":1,"2":1,"3":1,"4":1,"5":1,"6":0,"7":0,"8":0,"9":1,"10":1},"f":{"0":0},"b":{},"_coverageSchema":"1a1c01bbd47fc00a2c39e90264f33305004495a9","hash":"ff17d236bb9df382bb722738ab114822311b0f4c"}
,"C:\\Users\\x262886\\Documents\\GitHub\\tip-tids-service-admin-feature-api\\models\\TeamMember.js": {"path":"C:\\Users\\x262886\\Documents\\GitHub\\tip-tids-service-admin-feature-api\\models\\TeamMember.js","statementMap":{"0":{"start":{"line":1,"column":17},"end":{"line":1,"column":36}},"1":{"start":{"line":5,"column":0},"end":{"line":52,"column":1}},"2":{"start":{"line":6,"column":4},"end":{"line":6,"column":47}},"3":{"start":{"line":8,"column":23},"end":{"line":8,"column":31}},"4":{"start":{"line":9,"column":29},"end":{"line":40,"column":6}},"5":{"start":{"line":43,"column":4},"end":{"line":49,"column":7}},"6":{"start":{"line":45,"column":12},"end":{"line":45,"column":27}},"7":{"start":{"line":46,"column":12},"end":{"line":46,"column":27}},"8":{"start":{"line":47,"column":12},"end":{"line":47,"column":23}},"9":{"start":{"line":51,"column":4},"end":{"line":51,"column":65}},"10":{"start":{"line":54,"column":0},"end":{"line":54,"column":28}}},"fnMap":{"0":{"name":"(anonymous_0)","decl":{"start":{"line":44,"column":19},"end":{"line":44,"column":20}},"loc":{"start":{"line":44,"column":42},"end":{"line":48,"column":9}},"line":44}},"branchMap":{},"s":{"0":1,"1":1,"2":1,"3":1,"4":1,"5":1,"6":0,"7":0,"8":0,"9":1,"10":1},"f":{"0":0},"b":{},"_coverageSchema":"1a1c01bbd47fc00a2c39e90264f33305004495a9","hash":"0ee941d914bf8745e9441169a8603746fbe5085c"}
,"C:\\Users\\x262886\\Documents\\GitHub\\tip-tids-service-admin-feature-api\\services\\overviewService.js": {"path":"C:\\Users\\x262886\\Documents\\GitHub\\tip-tids-service-admin-feature-api\\services\\overviewService.js","statementMap":{"0":{"start":{"line":1,"column":14},"end":{"line":1,"column":40}},"1":{"start":{"line":2,"column":21},"end":{"line":2,"column":54}},"2":{"start":{"line":3,"column":19},"end":{"line":3,"column":50}},"3":{"start":{"line":8,"column":28},"end":{"line":8,"column":47}},"4":{"start":{"line":9,"column":8},"end":{"line":9,"column":27}},"5":{"start":{"line":13,"column":27},"end":{"line":13,"column":67}},"6":{"start":{"line":14,"column":8},"end":{"line":14,"column":26}},"7":{"start":{"line":18,"column":22},"end":{"line":18,"column":93}},"8":{"start":{"line":19,"column":8},"end":{"line":19,"column":21}},"9":{"start":{"line":23,"column":21},"end":{"line":23,"column":56}},"10":{"start":{"line":24,"column":8},"end":{"line":24,"column":20}},"11":{"start":{"line":28,"column":23},"end":{"line":28,"column":71}},"12":{"start":{"line":29,"column":8},"end":{"line":29,"column":22}},"13":{"start":{"line":34,"column":22},"end":{"line":34,"column":51}},"14":{"start":{"line":35,"column":8},"end":{"line":35,"column":21}},"15":{"start":{"line":39,"column":27},"end":{"line":39,"column":66}},"16":{"start":{"line":40,"column":8},"end":{"line":40,"column":26}},"17":{"start":{"line":44,"column":0},"end":{"line":44,"column":39}}},"fnMap":{"0":{"name":"(anonymous_0)","decl":{"start":{"line":7,"column":4},"end":{"line":7,"column":5}},"loc":{"start":{"line":7,"column":35},"end":{"line":10,"column":5}},"line":7},"1":{"name":"(anonymous_1)","decl":{"start":{"line":12,"column":4},"end":{"line":12,"column":5}},"loc":{"start":{"line":12,"column":39},"end":{"line":15,"column":5}},"line":12},"2":{"name":"(anonymous_2)","decl":{"start":{"line":17,"column":4},"end":{"line":17,"column":5}},"loc":{"start":{"line":17,"column":27},"end":{"line":20,"column":5}},"line":17},"3":{"name":"(anonymous_3)","decl":{"start":{"line":22,"column":4},"end":{"line":22,"column":5}},"loc":{"start":{"line":22,"column":28},"end":{"line":25,"column":5}},"line":22},"4":{"name":"(anonymous_4)","decl":{"start":{"line":27,"column":4},"end":{"line":27,"column":5}},"loc":{"start":{"line":27,"column":22},"end":{"line":30,"column":5}},"line":27},"5":{"name":"(anonymous_5)","decl":{"start":{"line":33,"column":4},"end":{"line":33,"column":5}},"loc":{"start":{"line":33,"column":30},"end":{"line":36,"column":5}},"line":33},"6":{"name":"(anonymous_6)","decl":{"start":{"line":38,"column":4},"end":{"line":38,"column":5}},"loc":{"start":{"line":38,"column":36},"end":{"line":41,"column":5}},"line":38}},"branchMap":{},"s":{"0":1,"1":1,"2":1,"3":0,"4":0,"5":0,"6":0,"7":0,"8":0,"9":0,"10":0,"11":1,"12":0,"13":0,"14":0,"15":0,"16":0,"17":1},"f":{"0":0,"1":0,"2":0,"3":0,"4":1,"5":0,"6":0},"b":{},"_coverageSchema":"1a1c01bbd47fc00a2c39e90264f33305004495a9","hash":"11d780f0ab0030ea35dc1c3937f2bbef10616dab"}
}
