{"C:\\Users\\x262886\\Documents\\GitHub\\tip-tids-service-admin-feature-api\\app.js": {"path":"C:\\Users\\x262886\\Documents\\GitHub\\tip-tids-service-admin-feature-api\\app.js","statementMap":{"0":{"start":{"line":1,"column":20},"end":{"line":1,"column":42}},"1":{"start":{"line":2,"column":16},"end":{"line":2,"column":34}},"2":{"start":{"line":3,"column":13},"end":{"line":3,"column":28}},"3":{"start":{"line":4,"column":21},"end":{"line":4,"column":45}},"4":{"start":{"line":5,"column":15},"end":{"line":5,"column":32}},"5":{"start":{"line":6,"column":0},"end":{"line":6,"column":22}},"6":{"start":{"line":8,"column":20},"end":{"line":8,"column":39}},"7":{"start":{"line":9,"column":23},"end":{"line":9,"column":51}},"8":{"start":{"line":10,"column":23},"end":{"line":10,"column":56}},"9":{"start":{"line":12,"column":12},"end":{"line":12,"column":21}},"10":{"start":{"line":15,"column":0},"end":{"line":15,"column":48}},"11":{"start":{"line":16,"column":0},"end":{"line":16,"column":30}},"12":{"start":{"line":18,"column":0},"end":{"line":18,"column":23}},"13":{"start":{"line":19,"column":0},"end":{"line":19,"column":24}},"14":{"start":{"line":20,"column":0},"end":{"line":20,"column":49}},"15":{"start":{"line":21,"column":0},"end":{"line":21,"column":24}},"16":{"start":{"line":22,"column":0},"end":{"line":22,"column":56}},"17":{"start":{"line":24,"column":0},"end":{"line":24,"column":26}},"18":{"start":{"line":25,"column":0},"end":{"line":25,"column":37}},"19":{"start":{"line":26,"column":0},"end":{"line":26,"column":37}},"20":{"start":{"line":29,"column":0},"end":{"line":31,"column":3}},"21":{"start":{"line":30,"column":2},"end":{"line":30,"column":25}},"22":{"start":{"line":34,"column":0},"end":{"line":42,"column":3}},"23":{"start":{"line":36,"column":2},"end":{"line":36,"column":35}},"24":{"start":{"line":37,"column":2},"end":{"line":37,"column":69}},"25":{"start":{"line":40,"column":2},"end":{"line":40,"column":32}},"26":{"start":{"line":41,"column":2},"end":{"line":41,"column":22}},"27":{"start":{"line":44,"column":0},"end":{"line":44,"column":21}}},"fnMap":{"0":{"name":"(anonymous_0)","decl":{"start":{"line":29,"column":8},"end":{"line":29,"column":9}},"loc":{"start":{"line":29,"column":33},"end":{"line":31,"column":1}},"line":29},"1":{"name":"(anonymous_1)","decl":{"start":{"line":34,"column":8},"end":{"line":34,"column":9}},"loc":{"start":{"line":34,"column":32},"end":{"line":42,"column":1}},"line":34}},"branchMap":{"0":{"loc":{"start":{"line":37,"column":21},"end":{"line":37,"column":68}},"type":"cond-expr","locations":[{"start":{"line":37,"column":60},"end":{"line":37,"column":63}},{"start":{"line":37,"column":66},"end":{"line":37,"column":68}}],"line":37},"1":{"loc":{"start":{"line":40,"column":13},"end":{"line":40,"column":30}},"type":"binary-expr","locations":[{"start":{"line":40,"column":13},"end":{"line":40,"column":23}},{"start":{"line":40,"column":27},"end":{"line":40,"column":30}}],"line":40}},"s":{"0":1,"1":1,"2":1,"3":1,"4":1,"5":1,"6":1,"7":1,"8":1,"9":1,"10":1,"11":1,"12":1,"13":1,"14":1,"15":1,"16":1,"17":1,"18":1,"19":1,"20":1,"21":0,"22":1,"23":0,"24":0,"25":0,"26":0,"27":1},"f":{"0":0,"1":0},"b":{"0":[0,0],"1":[0,0]},"_coverageSchema":"1a1c01bbd47fc00a2c39e90264f33305004495a9","hash":"ec917a5a2d8c9bc2765c8548cdf4d70eab115bdc"}
,"C:\\Users\\x262886\\Documents\\GitHub\\tip-tids-service-admin-feature-api\\database.js": {"path":"C:\\Users\\x262886\\Documents\\GitHub\\tip-tids-service-admin-feature-api\\database.js","statementMap":{"0":{"start":{"line":1,"column":15},"end":{"line":1,"column":41}},"1":{"start":{"line":2,"column":17},"end":{"line":2,"column":36}},"2":{"start":{"line":3,"column":0},"end":{"line":3,"column":26}},"3":{"start":{"line":4,"column":0},"end":{"line":4,"column":28}},"4":{"start":{"line":5,"column":0},"end":{"line":5,"column":33}},"5":{"start":{"line":6,"column":0},"end":{"line":6,"column":30}},"6":{"start":{"line":8,"column":0},"end":{"line":12,"column":3}},"7":{"start":{"line":14,"column":0},"end":{"line":26,"column":3}},"8":{"start":{"line":15,"column":2},"end":{"line":15,"column":38}},"9":{"start":{"line":16,"column":2},"end":{"line":16,"column":30}},"10":{"start":{"line":17,"column":2},"end":{"line":25,"column":5}},"11":{"start":{"line":18,"column":4},"end":{"line":24,"column":5}},"12":{"start":{"line":19,"column":6},"end":{"line":19,"column":23}},"13":{"start":{"line":21,"column":6},"end":{"line":23,"column":9}},"14":{"start":{"line":22,"column":8},"end":{"line":22,"column":35}},"15":{"start":{"line":28,"column":0},"end":{"line":30,"column":3}},"16":{"start":{"line":29,"column":2},"end":{"line":29,"column":45}},"17":{"start":{"line":32,"column":0},"end":{"line":34,"column":3}},"18":{"start":{"line":33,"column":2},"end":{"line":33,"column":52}}},"fnMap":{"0":{"name":"(anonymous_0)","decl":{"start":{"line":14,"column":37},"end":{"line":14,"column":38}},"loc":{"start":{"line":14,"column":43},"end":{"line":26,"column":1}},"line":14},"1":{"name":"(anonymous_1)","decl":{"start":{"line":17,"column":51},"end":{"line":17,"column":52}},"loc":{"start":{"line":17,"column":67},"end":{"line":25,"column":3}},"line":17},"2":{"name":"(anonymous_2)","decl":{"start":{"line":21,"column":20},"end":{"line":21,"column":21}},"loc":{"start":{"line":21,"column":31},"end":{"line":23,"column":7}},"line":21},"3":{"name":"(anonymous_3)","decl":{"start":{"line":28,"column":33},"end":{"line":28,"column":34}},"loc":{"start":{"line":28,"column":39},"end":{"line":30,"column":1}},"line":28},"4":{"name":"(anonymous_4)","decl":{"start":{"line":32,"column":33},"end":{"line":32,"column":34}},"loc":{"start":{"line":32,"column":42},"end":{"line":34,"column":1}},"line":32}},"branchMap":{"0":{"loc":{"start":{"line":18,"column":4},"end":{"line":24,"column":5}},"type":"if","locations":[{"start":{"line":18,"column":4},"end":{"line":24,"column":5}},{"start":{"line":20,"column":11},"end":{"line":24,"column":5}}],"line":18}},"s":{"0":1,"1":1,"2":1,"3":1,"4":1,"5":1,"6":1,"7":1,"8":1,"9":1,"10":1,"11":1,"12":0,"13":1,"14":8,"15":1,"16":1,"17":1,"18":0},"f":{"0":1,"1":1,"2":8,"3":1,"4":0},"b":{"0":[0,1]},"_coverageSchema":"1a1c01bbd47fc00a2c39e90264f33305004495a9","hash":"711b1eb70463220f6a7237552aa68b5a937f0048"}
,"C:\\Users\\x262886\\Documents\\GitHub\\tip-tids-service-admin-feature-api\\config\\config.js": {"path":"C:\\Users\\x262886\\Documents\\GitHub\\tip-tids-service-admin-feature-api\\config\\config.js","statementMap":{"0":{"start":{"line":1,"column":0},"end":{"line":3,"column":1}}},"fnMap":{},"branchMap":{},"s":{"0":1},"f":{},"b":{},"_coverageSchema":"1a1c01bbd47fc00a2c39e90264f33305004495a9","hash":"585e050fddf35d7d569ac4741f1421af2280693f"}
,"C:\\Users\\x262886\\Documents\\GitHub\\tip-tids-service-admin-feature-api\\controllers\\overviewController.js": {"path":"C:\\Users\\x262886\\Documents\\GitHub\\tip-tids-service-admin-feature-api\\controllers\\overviewController.js","statementMap":{"0":{"start":{"line":1,"column":24},"end":{"line":1,"column":62}},"1":{"start":{"line":3,"column":31},"end":{"line":6,"column":1}},"2":{"start":{"line":4,"column":22},"end":{"line":4,"column":68}},"3":{"start":{"line":5,"column":2},"end":{"line":5,"column":36}},"4":{"start":{"line":8,"column":33},"end":{"line":12,"column":1}},"5":{"start":{"line":9,"column":21},"end":{"line":9,"column":82}},"6":{"start":{"line":10,"column":2},"end":{"line":10,"column":25}},"7":{"start":{"line":11,"column":2},"end":{"line":11,"column":47}},"8":{"start":{"line":14,"column":21},"end":{"line":18,"column":1}},"9":{"start":{"line":15,"column":16},"end":{"line":15,"column":65}},"10":{"start":{"line":16,"column":2},"end":{"line":16,"column":20}},"11":{"start":{"line":17,"column":2},"end":{"line":17,"column":37}},"12":{"start":{"line":20,"column":16},"end":{"line":23,"column":1}},"13":{"start":{"line":21,"column":15},"end":{"line":21,"column":54}},"14":{"start":{"line":22,"column":2},"end":{"line":22,"column":29}},"15":{"start":{"line":25,"column":18},"end":{"line":28,"column":1}},"16":{"start":{"line":26,"column":16},"end":{"line":26,"column":49}},"17":{"start":{"line":27,"column":2},"end":{"line":27,"column":30}},"18":{"start":{"line":41,"column":30},"end":{"line":47,"column":1}},"19":{"start":{"line":42,"column":21},"end":{"line":42,"column":79}},"20":{"start":{"line":43,"column":2},"end":{"line":45,"column":3}},"21":{"start":{"line":44,"column":4},"end":{"line":44,"column":49}},"22":{"start":{"line":46,"column":2},"end":{"line":46,"column":52}},"23":{"start":{"line":50,"column":0},"end":{"line":50,"column":125}}},"fnMap":{"0":{"name":"(anonymous_0)","decl":{"start":{"line":3,"column":31},"end":{"line":3,"column":32}},"loc":{"start":{"line":3,"column":51},"end":{"line":6,"column":1}},"line":3},"1":{"name":"(anonymous_1)","decl":{"start":{"line":8,"column":33},"end":{"line":8,"column":34}},"loc":{"start":{"line":8,"column":53},"end":{"line":12,"column":1}},"line":8},"2":{"name":"(anonymous_2)","decl":{"start":{"line":14,"column":21},"end":{"line":14,"column":22}},"loc":{"start":{"line":14,"column":41},"end":{"line":18,"column":1}},"line":14},"3":{"name":"(anonymous_3)","decl":{"start":{"line":20,"column":16},"end":{"line":20,"column":17}},"loc":{"start":{"line":20,"column":36},"end":{"line":23,"column":1}},"line":20},"4":{"name":"(anonymous_4)","decl":{"start":{"line":25,"column":18},"end":{"line":25,"column":19}},"loc":{"start":{"line":25,"column":38},"end":{"line":28,"column":1}},"line":25},"5":{"name":"(anonymous_5)","decl":{"start":{"line":41,"column":30},"end":{"line":41,"column":31}},"loc":{"start":{"line":41,"column":50},"end":{"line":47,"column":1}},"line":41}},"branchMap":{"0":{"loc":{"start":{"line":43,"column":2},"end":{"line":45,"column":3}},"type":"if","locations":[{"start":{"line":43,"column":2},"end":{"line":45,"column":3}},{"start":{},"end":{}}],"line":43}},"s":{"0":1,"1":1,"2":1,"3":1,"4":1,"5":2,"6":2,"7":2,"8":1,"9":2,"10":2,"11":2,"12":1,"13":1,"14":1,"15":1,"16":1,"17":1,"18":1,"19":2,"20":2,"21":1,"22":1,"23":1},"f":{"0":1,"1":2,"2":2,"3":1,"4":1,"5":2},"b":{"0":[1,1]},"_coverageSchema":"1a1c01bbd47fc00a2c39e90264f33305004495a9","hash":"f3034866370264ed9ec84fcc285b18fd4b38f05d"}
,"C:\\Users\\x262886\\Documents\\GitHub\\tip-tids-service-admin-feature-api\\models\\Event.js": {"path":"C:\\Users\\x262886\\Documents\\GitHub\\tip-tids-service-admin-feature-api\\models\\Event.js","statementMap":{"0":{"start":{"line":1,"column":17},"end":{"line":1,"column":36}},"1":{"start":{"line":5,"column":0},"end":{"line":76,"column":1}},"2":{"start":{"line":6,"column":4},"end":{"line":6,"column":36}},"3":{"start":{"line":8,"column":23},"end":{"line":8,"column":31}},"4":{"start":{"line":9,"column":24},"end":{"line":64,"column":6}},"5":{"start":{"line":67,"column":4},"end":{"line":73,"column":7}},"6":{"start":{"line":69,"column":12},"end":{"line":69,"column":27}},"7":{"start":{"line":70,"column":12},"end":{"line":70,"column":27}},"8":{"start":{"line":71,"column":12},"end":{"line":71,"column":23}},"9":{"start":{"line":75,"column":4},"end":{"line":75,"column":49}},"10":{"start":{"line":78,"column":0},"end":{"line":78,"column":23}}},"fnMap":{"0":{"name":"(anonymous_0)","decl":{"start":{"line":68,"column":19},"end":{"line":68,"column":20}},"loc":{"start":{"line":68,"column":42},"end":{"line":72,"column":9}},"line":68}},"branchMap":{},"s":{"0":1,"1":1,"2":1,"3":1,"4":1,"5":1,"6":5,"7":5,"8":5,"9":1,"10":1},"f":{"0":5},"b":{},"_coverageSchema":"1a1c01bbd47fc00a2c39e90264f33305004495a9","hash":"6faecf6cd8d4479e09ca3be450b5c7d2c7bd37f0"}
,"C:\\Users\\x262886\\Documents\\GitHub\\tip-tids-service-admin-feature-api\\models\\Feature.js": {"path":"C:\\Users\\x262886\\Documents\\GitHub\\tip-tids-service-admin-feature-api\\models\\Feature.js","statementMap":{"0":{"start":{"line":1,"column":17},"end":{"line":1,"column":36}},"1":{"start":{"line":2,"column":19},"end":{"line":2,"column":27}},"2":{"start":{"line":4,"column":22},"end":{"line":35,"column":2}},"3":{"start":{"line":37,"column":0},"end":{"line":37,"column":42}}},"fnMap":{},"branchMap":{},"s":{"0":1,"1":1,"2":1,"3":1},"f":{},"b":{},"_coverageSchema":"1a1c01bbd47fc00a2c39e90264f33305004495a9","hash":"598f006f8066ccf4275d2c81df987873910151ee"}
,"C:\\Users\\x262886\\Documents\\GitHub\\tip-tids-service-admin-feature-api\\models\\TaskReminder.js": {"path":"C:\\Users\\x262886\\Documents\\GitHub\\tip-tids-service-admin-feature-api\\models\\TaskReminder.js","statementMap":{"0":{"start":{"line":1,"column":17},"end":{"line":1,"column":36}},"1":{"start":{"line":5,"column":0},"end":{"line":55,"column":1}},"2":{"start":{"line":6,"column":4},"end":{"line":6,"column":51}},"3":{"start":{"line":8,"column":23},"end":{"line":8,"column":31}},"4":{"start":{"line":9,"column":31},"end":{"line":43,"column":6}},"5":{"start":{"line":46,"column":4},"end":{"line":52,"column":7}},"6":{"start":{"line":48,"column":12},"end":{"line":48,"column":27}},"7":{"start":{"line":49,"column":12},"end":{"line":49,"column":27}},"8":{"start":{"line":50,"column":12},"end":{"line":50,"column":23}},"9":{"start":{"line":54,"column":4},"end":{"line":54,"column":71}},"10":{"start":{"line":57,"column":0},"end":{"line":57,"column":30}}},"fnMap":{"0":{"name":"(anonymous_0)","decl":{"start":{"line":47,"column":19},"end":{"line":47,"column":20}},"loc":{"start":{"line":47,"column":42},"end":{"line":51,"column":9}},"line":47}},"branchMap":{},"s":{"0":1,"1":1,"2":1,"3":1,"4":1,"5":1,"6":6,"7":6,"8":6,"9":1,"10":1},"f":{"0":6},"b":{},"_coverageSchema":"1a1c01bbd47fc00a2c39e90264f33305004495a9","hash":"ff17d236bb9df382bb722738ab114822311b0f4c"}
,"C:\\Users\\x262886\\Documents\\GitHub\\tip-tids-service-admin-feature-api\\models\\TeamMember.js": {"path":"C:\\Users\\x262886\\Documents\\GitHub\\tip-tids-service-admin-feature-api\\models\\TeamMember.js","statementMap":{"0":{"start":{"line":1,"column":17},"end":{"line":1,"column":36}},"1":{"start":{"line":5,"column":0},"end":{"line":52,"column":1}},"2":{"start":{"line":6,"column":4},"end":{"line":6,"column":47}},"3":{"start":{"line":8,"column":23},"end":{"line":8,"column":31}},"4":{"start":{"line":9,"column":29},"end":{"line":40,"column":6}},"5":{"start":{"line":43,"column":4},"end":{"line":49,"column":7}},"6":{"start":{"line":45,"column":12},"end":{"line":45,"column":27}},"7":{"start":{"line":46,"column":12},"end":{"line":46,"column":27}},"8":{"start":{"line":47,"column":12},"end":{"line":47,"column":23}},"9":{"start":{"line":51,"column":4},"end":{"line":51,"column":65}},"10":{"start":{"line":54,"column":0},"end":{"line":54,"column":28}}},"fnMap":{"0":{"name":"(anonymous_0)","decl":{"start":{"line":44,"column":19},"end":{"line":44,"column":20}},"loc":{"start":{"line":44,"column":42},"end":{"line":48,"column":9}},"line":44}},"branchMap":{},"s":{"0":1,"1":1,"2":1,"3":1,"4":1,"5":1,"6":1,"7":1,"8":1,"9":1,"10":1},"f":{"0":1},"b":{},"_coverageSchema":"1a1c01bbd47fc00a2c39e90264f33305004495a9","hash":"0ee941d914bf8745e9441169a8603746fbe5085c"}
,"C:\\Users\\x262886\\Documents\\GitHub\\tip-tids-service-admin-feature-api\\routes\\features.js": {"path":"C:\\Users\\x262886\\Documents\\GitHub\\tip-tids-service-admin-feature-api\\routes\\features.js","statementMap":{"0":{"start":{"line":1,"column":16},"end":{"line":1,"column":34}},"1":{"start":{"line":2,"column":15},"end":{"line":2,"column":31}},"2":{"start":{"line":4,"column":0},"end":{"line":10,"column":3}},"3":{"start":{"line":5,"column":2},"end":{"line":9,"column":4}},"4":{"start":{"line":12,"column":0},"end":{"line":18,"column":3}},"5":{"start":{"line":13,"column":2},"end":{"line":17,"column":4}},"6":{"start":{"line":20,"column":0},"end":{"line":26,"column":3}},"7":{"start":{"line":21,"column":2},"end":{"line":25,"column":4}},"8":{"start":{"line":28,"column":0},"end":{"line":34,"column":3}},"9":{"start":{"line":29,"column":2},"end":{"line":33,"column":4}},"10":{"start":{"line":36,"column":0},"end":{"line":36,"column":24}}},"fnMap":{"0":{"name":"(anonymous_0)","decl":{"start":{"line":4,"column":16},"end":{"line":4,"column":17}},"loc":{"start":{"line":4,"column":41},"end":{"line":10,"column":1}},"line":4},"1":{"name":"(anonymous_1)","decl":{"start":{"line":12,"column":17},"end":{"line":12,"column":18}},"loc":{"start":{"line":12,"column":42},"end":{"line":18,"column":1}},"line":12},"2":{"name":"(anonymous_2)","decl":{"start":{"line":20,"column":18},"end":{"line":20,"column":19}},"loc":{"start":{"line":20,"column":43},"end":{"line":26,"column":1}},"line":20},"3":{"name":"(anonymous_3)","decl":{"start":{"line":28,"column":19},"end":{"line":28,"column":20}},"loc":{"start":{"line":28,"column":44},"end":{"line":34,"column":1}},"line":28}},"branchMap":{},"s":{"0":1,"1":1,"2":1,"3":0,"4":1,"5":0,"6":1,"7":0,"8":1,"9":0,"10":1},"f":{"0":0,"1":0,"2":0,"3":0},"b":{},"_coverageSchema":"1a1c01bbd47fc00a2c39e90264f33305004495a9","hash":"dd1ac81917bd5add76f0a6b9fe12cdc41ca4838e"}
,"C:\\Users\\x262886\\Documents\\GitHub\\tip-tids-service-admin-feature-api\\routes\\index.js": {"path":"C:\\Users\\x262886\\Documents\\GitHub\\tip-tids-service-admin-feature-api\\routes\\index.js","statementMap":{"0":{"start":{"line":1,"column":16},"end":{"line":1,"column":34}},"1":{"start":{"line":2,"column":15},"end":{"line":2,"column":31}},"2":{"start":{"line":5,"column":0},"end":{"line":7,"column":3}},"3":{"start":{"line":6,"column":2},"end":{"line":6,"column":54}},"4":{"start":{"line":9,"column":0},"end":{"line":9,"column":24}}},"fnMap":{"0":{"name":"(anonymous_0)","decl":{"start":{"line":5,"column":16},"end":{"line":5,"column":17}},"loc":{"start":{"line":5,"column":41},"end":{"line":7,"column":1}},"line":5}},"branchMap":{},"s":{"0":1,"1":1,"2":1,"3":0,"4":1},"f":{"0":0},"b":{},"_coverageSchema":"1a1c01bbd47fc00a2c39e90264f33305004495a9","hash":"1c035fb8aaf2bec9b55f1d2863e73c33332ae49a"}
,"C:\\Users\\x262886\\Documents\\GitHub\\tip-tids-service-admin-feature-api\\routes\\overviewRoute.js": {"path":"C:\\Users\\x262886\\Documents\\GitHub\\tip-tids-service-admin-feature-api\\routes\\overviewRoute.js","statementMap":{"0":{"start":{"line":1,"column":16},"end":{"line":1,"column":34}},"1":{"start":{"line":2,"column":15},"end":{"line":2,"column":31}},"2":{"start":{"line":3,"column":27},"end":{"line":3,"column":71}},"3":{"start":{"line":5,"column":0},"end":{"line":5,"column":81}},"4":{"start":{"line":7,"column":0},"end":{"line":7,"column":89}},"5":{"start":{"line":9,"column":0},"end":{"line":9,"column":65}},"6":{"start":{"line":11,"column":0},"end":{"line":11,"column":52}},"7":{"start":{"line":13,"column":0},"end":{"line":13,"column":55}},"8":{"start":{"line":18,"column":0},"end":{"line":18,"column":83}},"9":{"start":{"line":20,"column":0},"end":{"line":20,"column":24}}},"fnMap":{},"branchMap":{},"s":{"0":1,"1":1,"2":1,"3":1,"4":1,"5":1,"6":1,"7":1,"8":1,"9":1},"f":{},"b":{},"_coverageSchema":"1a1c01bbd47fc00a2c39e90264f33305004495a9","hash":"05d21a3a104fd61c704a06d239d211c48c162ae6"}
,"C:\\Users\\x262886\\Documents\\GitHub\\tip-tids-service-admin-feature-api\\services\\overviewService.js": {"path":"C:\\Users\\x262886\\Documents\\GitHub\\tip-tids-service-admin-feature-api\\services\\overviewService.js","statementMap":{"0":{"start":{"line":1,"column":14},"end":{"line":1,"column":40}},"1":{"start":{"line":2,"column":21},"end":{"line":2,"column":54}},"2":{"start":{"line":3,"column":19},"end":{"line":3,"column":50}},"3":{"start":{"line":8,"column":28},"end":{"line":8,"column":56}},"4":{"start":{"line":9,"column":8},"end":{"line":9,"column":27}},"5":{"start":{"line":13,"column":27},"end":{"line":13,"column":66}},"6":{"start":{"line":14,"column":8},"end":{"line":14,"column":33}},"7":{"start":{"line":18,"column":22},"end":{"line":18,"column":93}},"8":{"start":{"line":19,"column":8},"end":{"line":19,"column":21}},"9":{"start":{"line":23,"column":21},"end":{"line":23,"column":56}},"10":{"start":{"line":24,"column":8},"end":{"line":24,"column":20}},"11":{"start":{"line":28,"column":23},"end":{"line":28,"column":71}},"12":{"start":{"line":29,"column":8},"end":{"line":29,"column":22}},"13":{"start":{"line":39,"column":27},"end":{"line":39,"column":66}},"14":{"start":{"line":40,"column":8},"end":{"line":40,"column":26}},"15":{"start":{"line":44,"column":0},"end":{"line":44,"column":39}}},"fnMap":{"0":{"name":"(anonymous_0)","decl":{"start":{"line":7,"column":4},"end":{"line":7,"column":5}},"loc":{"start":{"line":7,"column":35},"end":{"line":10,"column":5}},"line":7},"1":{"name":"(anonymous_1)","decl":{"start":{"line":12,"column":4},"end":{"line":12,"column":5}},"loc":{"start":{"line":12,"column":39},"end":{"line":15,"column":5}},"line":12},"2":{"name":"(anonymous_2)","decl":{"start":{"line":17,"column":4},"end":{"line":17,"column":5}},"loc":{"start":{"line":17,"column":27},"end":{"line":20,"column":5}},"line":17},"3":{"name":"(anonymous_3)","decl":{"start":{"line":22,"column":4},"end":{"line":22,"column":5}},"loc":{"start":{"line":22,"column":28},"end":{"line":25,"column":5}},"line":22},"4":{"name":"(anonymous_4)","decl":{"start":{"line":27,"column":4},"end":{"line":27,"column":5}},"loc":{"start":{"line":27,"column":22},"end":{"line":30,"column":5}},"line":27},"5":{"name":"(anonymous_5)","decl":{"start":{"line":38,"column":4},"end":{"line":38,"column":5}},"loc":{"start":{"line":38,"column":36},"end":{"line":41,"column":5}},"line":38}},"branchMap":{},"s":{"0":1,"1":1,"2":1,"3":1,"4":1,"5":2,"6":2,"7":2,"8":2,"9":1,"10":1,"11":1,"12":1,"13":2,"14":2,"15":1},"f":{"0":1,"1":2,"2":2,"3":1,"4":1,"5":2},"b":{},"_coverageSchema":"1a1c01bbd47fc00a2c39e90264f33305004495a9","hash":"aa3fe7d2a9f455964c1b611604b8de2a9f6bbc3b"}
}
