TN:
SF:models\Event.js
FN:68,(anonymous_0)
FNF:1
FNH:0
FNDA:0,(anonymous_0)
DA:1,1
DA:5,1
DA:6,1
DA:8,1
DA:9,1
DA:67,1
DA:69,0
DA:70,0
DA:71,0
DA:75,1
DA:78,1
LF:11
LH:8
BRF:0
BRH:0
end_of_record
TN:
SF:models\TaskReminder.js
FN:47,(anonymous_0)
FNF:1
FNH:0
FNDA:0,(anonymous_0)
DA:1,1
DA:5,1
DA:6,1
DA:8,1
DA:9,1
DA:46,1
DA:48,0
DA:49,0
DA:50,0
DA:54,1
DA:57,1
LF:11
LH:8
BRF:0
BRH:0
end_of_record
TN:
SF:models\TeamMember.js
FN:44,(anonymous_0)
FNF:1
FNH:0
FNDA:0,(anonymous_0)
DA:1,1
DA:5,1
DA:6,1
DA:8,1
DA:9,1
DA:43,1
DA:45,0
DA:46,0
DA:47,0
DA:51,1
DA:54,1
LF:11
LH:8
BRF:0
BRH:0
end_of_record
TN:
SF:services\overviewService.js
FN:7,(anonymous_0)
FN:12,(anonymous_1)
FN:17,(anonymous_2)
FN:22,(anonymous_3)
FN:27,(anonymous_4)
FN:33,(anonymous_5)
FN:38,(anonymous_6)
FNF:7
FNH:1
FNDA:0,(anonymous_0)
FNDA:0,(anonymous_1)
FNDA:0,(anonymous_2)
FNDA:0,(anonymous_3)
FNDA:1,(anonymous_4)
FNDA:0,(anonymous_5)
FNDA:0,(anonymous_6)
DA:1,1
DA:2,1
DA:3,1
DA:8,0
DA:9,0
DA:13,0
DA:14,0
DA:18,0
DA:19,0
DA:23,0
DA:24,0
DA:28,1
DA:29,0
DA:34,0
DA:35,0
DA:39,0
DA:40,0
DA:44,1
LF:18
LH:5
BRF:0
BRH:0
end_of_record
